[
  {
    "attempt_id": 1,
    "timestamp": "2026-01-07 21:41:43",
    "strategy": "Initial Build Analysis",
    "fix_attempted": "N/A - Initial build failure",
    "result_log_summary": "[ERROR] Rule 0: org.apache.maven.enforcer.rules.version.RequireJavaVersion failed with message:\n[ERROR] Detected JDK /usr/lib/jvm/java-17-openjdk-amd64 is version 17.0.16 which is not in the allowed range [21,).",
    "reflection": "Initial build failed due to Java version mismatch: project requires Java 21+ but environment has Java 17. DO NOT attempt to modify build scripts first; focus on updating the Java version in the Docker environment or adjusting the project's Java version requirements in the Maven configuration."
  },
  {
    "attempt_id": 2,
    "timestamp": "2026-01-07 21:58:46",
    "strategy": "Strategy A: Config Repair",
    "fix_attempted": "Installed OpenJDK 21 in Dockerfile and updated build.sh to use Java 21 compiler flags",
    "result_log_summary": "ed [IP: 198.18.0.19 80]\n#6 318.9 E: Failed to fetch http://security.ubuntu.com/ubuntu/pool/universe/o/openjdk-21/openjdk-21-jre-headless_21.0.7+6~us1-0ubuntu1~20.04_amd64.deb  Connection failed [IP: 198.18.0.19 80]\n#6 318.9 E: Failed to fetch http://security.ubuntu.com/ubuntu/pool/universe/o/openjdk-21/openjdk-21-jdk-headless_21.0.7+6~us1-0ubuntu1~20.04_amd64.deb  Connection failed [IP: 198.18.0.19 80]\n#6 318.9 E: Unable to fetch some archives, maybe run apt-get update or try with --fix-missing?",
    "reflection": "Attempt 2 failed because installing OpenJDK 21 from Ubuntu 20.04 repositories had network connectivity issues. The approach was correct but implementation fragile. DO NOT rely on network-dependent package installations; instead use a more robust method like downloading Java 21 directly from official sources or adjusting the project's Java version requirements to match the available Java 17 in the base image."
  },
  {
    "attempt_id": 1,
    "timestamp": "2026-01-08 12:12:53",
    "strategy": "Initial Build Analysis",
    "fix_attempted": "First build attempt - no previous fix",
    "result_log_summary": "fatal: unable to access 'https://github.com/vtest/VTest2.git/': gnutls_handshake() failed: The TLS connection was non-properly terminated. 32.16 fatal: clone of 'https://github.com/vtest/VTest2.git' into submodule path '/src/varnish-cache/bin/varnishtest/vtest2' failed 32.16 Failed to clone 'bin/varnishtest/vtest2' a second time, aborting",
    "reflection": "Initial build failed due to TLS handshake errors when cloning varnish-cache submodules from GitHub. This is a network infrastructure issue, not a code problem. DO NOT modify build scripts or Dockerfile for this error; instead, consider network solutions like retrying with different git protocols, using shallow clones without submodules, or checking network connectivity."
  },
  {
    "attempt_id": 1,
    "timestamp": "2026-01-08 14:41:35",
    "strategy": "Initial Build Analysis",
    "fix_attempted": "First build attempt - no previous fix",
    "result_log_summary": "ugin:1.0 or one of its dependencies could not be resolved: Failed to read artifact descriptor for org.apache.maven.plugins:maven-enforcer-plugin:jar:1.0: Could not transfer artifact org.apache.maven.plugins:maven-enforcer-plugin:pom:1.0 from/to central (https://repo.maven.apache.org/maven2): Transfer failed for https://repo.maven.apache.org/maven2/org/apache/maven/plugins/maven-enforcer-plugin/1.0/maven-enforcer-plugin-1.0.pom: Remote host terminated the handshake: SSL peer shut down incorrectly",
    "reflection": "Initial build failed due to SSL handshake error with Maven Central when downloading maven-enforcer-plugin:1.0. This is a network/SSL issue, not a build configuration problem. The -Denforcer.skip=true flag is already present but Maven still attempts to download the plugin. DO NOT modify build scripts; focus on network/SSL configuration or use offline mode with pre-downloaded dependencies."
  },
  {
    "attempt_id": 2,
    "timestamp": "2026-01-08 14:46:16",
    "strategy": "Strategy A: Config Repair",
    "fix_attempted": "Updated Dockerfile to patch pom.xml after cloning: changed maven-enforcer-plugin version from 1.0 to 3.6.2 and Java version requirement from [1.17.0,) to [17,)",
    "result_log_summary": "sed: -e expression #1, char 58: Unmatched ) or \\\\)\\nERROR: process did not complete successfully: exit code: 1\\nERROR: failed to build: failed to solve",
    "reflection": "Attempt 2 failed due to sed syntax error in Dockerfile patch command. The pattern '\\[1.17.0,\\)' has special regex characters that need proper escaping for both shell and sed. DO NOT use complex sed patterns with special characters in Dockerfile RUN commands; instead use simpler approaches like different delimiters or create a separate patch file to apply."
  },
  {
    "attempt_id": 1,
    "timestamp": "2026-01-08 14:57:27",
    "strategy": "Initial Build Analysis",
    "fix_attempted": "Initial build attempt - no previous fix",
    "result_log_summary": "aven-help-plugin:3.2.0:evaluate failed: Plugin org.apache.maven.plugins:maven-help-plugin:3.2.0 or one of its dependencies could not be resolved: Could not transfer artifact org.apache.maven:maven-repository-metadata:jar:3.0 from/to central (https://repo.maven.apache.org/maven2): Transfer failed for https://repo.maven.apache.org/maven2/org/apache/maven/maven-repository-metadata/3.0/maven-repository-metadata-3.0.jar: Remote host terminated the handshake: SSL peer shut down incorrectly -> [Help 1]",
    "reflection": "Initial build failed due to SSL handshake error when Maven tries to download dependencies from Maven Central. This is a network/SSL connectivity issue within the Docker container environment. DO NOT modify build scripts or dependencies; focus on fixing Maven's ability to connect to external repositories by addressing SSL certificate issues or network connectivity."
  },
  {
    "attempt_id": 1,
    "timestamp": "2026-01-08 15:17:58",
    "strategy": "Strategy A: Dependency Analysis",
    "fix_attempted": "Initial build attempt - Maven dependency resolution failure",
    "result_log_summary": "[ERROR] Failed to execute goal on project mvel3: Could not resolve dependencies for project org.mvel:mvel3:jar:3.0.0-SNAPSHOT: The following artifacts could not be resolved: com.github.javaparser:javaparser-core:jar:3.25.5-mvel3-1, com.github.javaparser:javaparser-symbol-solver-core:jar:3.25.5-mvel3-1, org.drools:drools-compiler:jar:999-SNAPSHOT: Could not find artifact com.github.javaparser:javaparser-core:jar:3.25.5-mvel3-1 in central (https://repo.maven.apache.org/maven2)",
    "reflection": "Initial build failed due to missing Maven dependencies that aren't in Central repository. The javaparser artifacts have custom version suffixes (-mvel3-1) and drools-compiler uses SNAPSHOT version. DO NOT attempt to download these from Central; instead examine project POM files to identify required repositories or local build dependencies."
  },
  {
    "attempt_id": 2,
    "timestamp": "2026-01-08 15:34:12",
    "strategy": "Strategy A: Config Repair",
    "fix_attempted": "Modified Dockerfile to build javaparser fork locally, fixed artifact IDs from mvel2 to mvel3, commented out drools dependency, updated fuzz-targets dependency",
    "result_log_summary": "el3:jar:3.0.0-SNAPSHOT: The following artifacts could not be resolved: com.github.javaparser:javaparser-core:jar:3.25.5-mvel3-1, com.github.javaparser:javaparser-symbol-solver-core:jar:3.25.5-mvel3-1, org.drools:drools-compiler:jar:999-SNAPSHOT: Failure to find com.github.javaparser:javaparser-core:jar:3.25.5-mvel3-1 in https://repo.maven.apache.org/maven2 was cached in the local repository, resolution will not be reattempted until the update interval of central has elapsed or updates are forced",
    "reflection": "Attempt 2 partially succeeded (fuzz-targets built) but mvel build still fails due to cached Maven dependency failures. The javaparser fork was built locally but Maven still looks in Central repository due to cached failures. DO NOT just build dependencies locally; also clear Maven's failure cache with -U flag and verify POM modifications are correctly applied (drools dependency still shows as missing)."
  },
  {
    "attempt_id": 3,
    "timestamp": "2026-01-08 15:42:53",
    "strategy": "Strategy A: Config Repair",
    "fix_attempted": "Cleared Maven cache for javaparser/drools, added -U flag to force updates, changed mvel build to use default local repository instead of custom one",
    "result_log_summary": "--------------------\n[ERROR] Failed to execute goal on project mvel3: Could not resolve dependencies for project org.mvel:mvel3:jar:3.0.0-SNAPSHOT: The following artifacts could not be resolved: com.github.javaparser:javaparser-core:jar:3.25.5-mvel3-1, com.github.javaparser:javaparser-symbol-solver-core:jar:3.25.5-mvel3-1, org.drools:drools-compiler:jar:999-SNAPSHOT: Could not find artifact com.github.javaparser:javaparser-core:jar:3.25.5-mvel3-1 in central (https://repo.maven.apache.org/maven2)",
    "reflection": "Attempt 3 failed with identical error despite clearing cache and adding -U flag. Maven is still looking in Central repository for javaparser artifacts. The javaparser fork was built locally but Maven either can't find it in local repository or the artifacts aren't being installed correctly. DO NOT just clear cache; verify that javaparser artifacts are actually installed to local repository with correct coordinates, and consider adding offline mode or local repository configuration to force Maven to look locally first."
  },
  {
    "attempt_id": 1,
    "timestamp": "2026-01-08 16:44:04",
    "strategy": "Initial Build Analysis",
    "fix_attempted": "First build attempt - no previous fix",
    "result_log_summary": "[ERROR] Failed to execute goal on project mvel3: Could not resolve dependencies for project org.mvel:mvel3:jar:3.0.0-SNAPSHOT: The following artifacts could not be resolved: com.github.javaparser:javaparser-core:jar:3.25.5-mvel3-1, com.github.javaparser:javaparser-symbol-solver-core:jar:3.25.5-mvel3-1, org.drools:drools-compiler:jar:999-SNAPSHOT: Could not find artifact com.github.javaparser:javaparser-core:jar:3.25.5-mvel3-1 in central (https://repo.maven.apache.org/maven2)",
    "reflection": "Initial build failed due to missing custom dependencies not available in Maven Central. The project requires custom-built javaparser artifacts (3.25.5-mvel3-1) and drools-compiler SNAPSHOT. DO NOT assume all dependencies are in standard repositories; check if project needs local dependency builds or additional repository configurations."
  },
  {
    "attempt_id": 1,
    "timestamp": "2026-01-08 17:07:18",
    "strategy": "Initial Build Analysis",
    "fix_attempted": "Initial build attempt revealed Maven dependency resolution failures",
    "result_log_summary": "[ERROR] Failed to execute goal on project mvel3: Could not resolve dependencies for project org.mvel:mvel3:jar:3.0.0-SNAPSHOT: The following artifacts could not be resolved: com.github.javaparser:javaparser-core:jar:3.25.5-mvel3-1, com.github.javaparser:javaparser-symbol-solver-core:jar:3.25.5-mvel3-1, org.drools:drools-compiler:jar:999-SNAPSHOT: Could not find artifact com.github.javaparser:javaparser-core:jar:3.25.5-mvel3-1 in central (https://repo.maven.apache.org/maven2)",
    "reflection": "Initial build failed due to Maven dependency resolution issues. The project requires custom versioned artifacts (javaparser-core:3.25.5-mvel3-1) and snapshot dependencies (drools-compiler:999-SNAPSHOT) that are not in central Maven repository. DO NOT attempt standard dependency fixes; investigate if the project has custom repositories defined in pom.xml or needs local builds of these dependencies."
  },
  {
    "attempt_id": 2,
    "timestamp": "2026-01-08 17:32:10",
    "strategy": "Strategy A: Config Repair",
    "fix_attempted": "Modified Dockerfile to build javaparser-mvel fork and build.sh to copy artifacts to custom Maven repo",
    "result_log_summary": "el3:jar:3.0.0-SNAPSHOT: The following artifacts could not be resolved: com.github.javaparser:javaparser-core:jar:3.25.5-mvel3-1, com.github.javaparser:javaparser-symbol-solver-core:jar:3.25.5-mvel3-1, org.drools:drools-compiler:jar:999-SNAPSHOT: Failure to find com.github.javaparser:javaparser-core:jar:3.25.5-mvel3-1 in https://repo.maven.apache.org/maven2 was cached in the local repository, resolution will not be reattempted until the update interval of central has elapsed or updates are forced",
    "reflection": "Attempt 2 failed because javaparser artifacts were built but not properly copied to the custom Maven repository. The Dockerfile installed to /javaparser-m2 but build.sh looks for /javaparser-m2/repository/com/github/javaparser (wrong path). Also, Maven has cached the dependency failure and needs -U flag to force re-resolution. DO NOT just copy artifacts; verify the actual path where Maven installs them and add -U flag to clear cached failures."
  },
  {
    "attempt_id": 3,
    "timestamp": "2026-01-08 17:40:38",
    "strategy": "Strategy A: Config Repair (failed to apply)",
    "fix_attempted": "Attempted to fix path mismatch and add -U flags, but patch application failed due to mismatched ORIGINAL blocks",
    "result_log_summary": "el3:jar:3.0.0-SNAPSHOT: The following artifacts could not be resolved: com.github.javaparser:javaparser-core:jar:3.25.5-mvel3-1, com.github.javaparser:javaparser-symbol-solver-core:jar:3.25.5-mvel3-1, org.drools:drools-compiler:jar:999-SNAPSHOT: Failure to find com.github.javaparser:javaparser-core:jar:3.25.5-mvel3-1 in https://repo.maven.apache.org/maven2 was cached in the local repository, resolution will not be reattempted until the update interval of central has elapsed or updates are forced",
    "reflection": "Attempt 3 failed with identical error because patch application failed (partial_success). The build.sh still looks for /javaparser-m2/repository/com/github/javaparser but artifacts are at /javaparser-m2/com/github/javaparser. No -U flags were added. DO NOT create complex patches with long ORIGINAL blocks; read current file state first and create minimal, precise patches. Also verify patch application succeeded before assuming fixes are in place."
  },
  {
    "attempt_id": 4,
    "timestamp": "2026-01-08 17:52:52",
    "strategy": "Strategy A: Config Repair (introduced regression)",
    "fix_attempted": "Successfully fixed path mismatch and added -U flags, but Dockerfile change caused javaparser-mvel build to fail with SSL handshake error when downloading plugin dependencies",
    "result_log_summary": " org.apache.maven:maven-model:jar:3.0, org.apache.maven:maven-artifact:jar:3.0, org.sonatype.sisu:sisu-inject-plexus:jar:1.4.2, org.codehaus.plexus:plexus-component-annotations:jar:1.5.4: Could not transfer artifact org.apache.maven:maven-model:jar:3.0 from/to central (https://repo.maven.apache.org/maven2): Transfer failed for https://repo.maven.apache.org/maven2/org/apache/maven/maven-model/3.0/maven-model-3.0.jar: Remote host terminated the handshake: SSL peer shut down incorrectly -> [Help 1]",
    "reflection": "Attempt 4 failed with a NEW error: SSL handshake failure when building javaparser-mvel. The Dockerfile change (building only to /javaparser-m2 instead of default repo first) exposed a network dependency issue. The ph-javacc-maven-plugin:4.1.5 requires outdated dependencies (maven-model:3.0) that may have SSL issues. DO NOT assume network operations are reliable; consider skipping problematic plugins (-Dmaven.javacc.skip=true) or using newer plugin versions. Also, building to default repo first might have cached dependencies that helped."
  },
  {
    "attempt_id": 1,
    "timestamp": "2026-01-08 18:34:15",
    "strategy": "Initial Build Analysis",
    "fix_attempted": "Initial build attempt - no previous fix",
    "result_log_summary": "[ERROR] Failed to execute goal on project mvel3: Could not resolve dependencies for project org.mvel:mvel3:jar:3.0.0-SNAPSHOT: The following artifacts could not be resolved: com.github.javaparser:javaparser-core:jar:3.25.5-mvel3-1, com.github.javaparser:javaparser-symbol-solver-core:jar:3.25.5-mvel3-1, org.drools:drools-compiler:jar:999-SNAPSHOT: Could not find artifact com.github.javaparser:javaparser-core:jar:3.25.5-mvel3-1 in central (https://repo.maven.apache.org/maven2)",
    "reflection": "Initial build failed due to missing custom Maven dependencies not in central repository. The project requires javaparser artifacts with '-mvel3-1' suffix and drools-compiler:999-SNAPSHOT. DO NOT try to fix by modifying build scripts alone; investigate how these custom dependencies are supposed to be resolved - check for local Maven repositories, custom repository URLs, or dependency installation steps in the project documentation."
  },
  {
    "attempt_id": 2,
    "timestamp": "2026-01-08 18:46:18",
    "strategy": "Strategy A: Config Repair",
    "fix_attempted": "Modified Dockerfile to build javaparser-mvel fork locally, added -U flags to build.sh, changed artifact IDs, but patch application had partial_success (pom.xml patches failed)",
    "result_log_summary": "javaparser-mvel, but [ERROR] Failed to execute goal on project mvel3: Could not resolve dependencies for project org.mvel:mvel3:jar:3.0.0-SNAPSHOT: The following artifacts could not be resolved: com.github.javaparser:javaparser-core:jar:3.25.5-mvel3-1, com.github.javaparser:javaparser-symbol-solver-core:jar:3.25.5-mvel3-1, org.drools:drools-compiler:jar:999-SNAPSHOT: Could not find artifact com.github.javaparser:javaparser-core:jar:3.25.5-mvel3-1 in central (https://repo.maven.apache.org/maven2)",
    "reflection": "Attempt 2 partially succeeded: javaparser-mvel was built but mvel still fails to find dependencies. The javaparser artifacts were installed to default local repository (~/.m2/repository) but mvel build uses custom repository (-Dmaven.repo.local=/out/m2). DO NOT install dependencies to default repository; use the same custom repository location that the main build uses. Also verify all patches were applied successfully, not just Dockerfile changes."
  },
  {
    "attempt_id": 3,
    "timestamp": "2026-01-08 18:58:06",
    "strategy": "Strategy A: Config Repair",
    "fix_attempted": "Fixed repository location mismatch by adding -Dmaven.repo.local=/out/m2 to javaparser build, adding local repository config to pom.xml, and adding -DaltDeploymentRepository flag to mvel build",
    "result_log_summary": "javaparser-mvel, but [ERROR] Failed to execute goal on project mvel3: Could not resolve dependencies for project org.mvel:mvel3:jar:3.0.0-SNAPSHOT: The following artifacts could not be resolved: com.github.javaparser:javaparser-core:jar:3.25.5-mvel3-1, com.github.javaparser:javaparser-symbol-solver-core:jar:3.25.5-mvel3-1, org.drools:drools-compiler:jar:999-SNAPSHOT: Could not find artifact com.github.javaparser:javaparser-core:jar:3.25.5-mvel3-1 in central (https://repo.maven.apache.org/maven2)",
    "reflection": "Attempt 3 failed with same error despite repository fixes. The javaparser artifacts were installed to /out/m2 but Maven still looks in central repository. The -DaltDeploymentRepository flag only affects deployment, not resolution. DO NOT rely on command-line flags alone; verify pom.xml actually has the local repository configuration and that Maven's repository resolution order includes local repositories before central. Also check if the /out/m2 directory structure matches Maven's expected layout."
  },
  {
    "attempt_id": 4,
    "timestamp": "2026-01-08 19:02:20",
    "strategy": "Strategy A: Config Repair (introduced regression)",
    "fix_attempted": "Added Maven settings.xml configuration with local repository priority, reordered pom.xml repositories, added offline flags, but introduced Dockerfile syntax error with multi-line XML content",
    "result_log_summary": "xml with local repository priority\\n  26 |     RUN echo '<?xml version=\"1.0\" encoding=\"UTF-8\"?>\\n  27 | >>> <settings xmlns=\"http://maven.apache.org/SETTINGS/1.0.0\"\\n  28 |               xmlns:xsi=\"http://www.w3.org/2001/XMLSchema-instance\"\\n  29 |               xsi:schemaLocation=\"http://maven.apache.org/SETTINGS/1.0.0 http://maven.apache.org/xsd/settings-1.0.0.xsd\">\\n--------------------\\nERROR: failed to build: failed to solve: dockerfile parse error on line 27: unknown instruction: <settings",
    "reflection": "Attempt 4 failed due to Dockerfile syntax error when adding multi-line XML content via RUN echo. The XML tag <settings was interpreted as a Docker instruction. DO NOT use multi-line echo commands with XML content in Dockerfiles without proper escaping; instead use heredoc syntax (cat << 'EOF' > file) or write the content to a separate file and COPY it. Also, verify Dockerfile syntax after making complex changes before attempting build."
  },
  {
    "attempt_id": 5,
    "timestamp": "2026-01-08 19:06:40",
    "strategy": "Strategy A: Config Repair (introduced new regression)",
    "fix_attempted": "Fixed Dockerfile syntax error by using heredoc instead of multi-line echo, but revealed missing directory dependency: /root/.m2/ doesn't exist",
    "result_log_summary": " <id>central</id>\\\\n          <url>https://repo.maven.apache.org/maven2</url>\\\\n          <releases>\\\\n            <enabled>true</enabled>\\\\n          </releases>\\\\n          <snapshots>\\\\n            <enabled>false</enabled>\\\\n          </snapshots>\\\\n        </pluginRepository>\\\\n      </pluginRepositories>\\\\n    </profile>\\\\n  </profiles>\\\\n  <activeProfiles>\\\\n    <activeProfile>local-first</activeProfile>\\\\n  </activeProfiles>\\\\n</settings>\\\\nEOF\" did not complete successfully: exit code: 2",
    "reflection": "Attempt 5 failed because the /root/.m2/ directory doesn't exist when trying to write settings.xml. The heredoc syntax fix was correct but revealed a hidden dependency. DO NOT assume directories exist when writing files in Dockerfiles; always create parent directories first with mkdir -p or verify they exist. Also consider that Maven creates .m2 directory on first run, so we need to create it explicitly before writing settings.xml."
  },
  {
    "attempt_id": 6,
    "timestamp": "2026-01-08 19:12:05",
    "strategy": "Strategy A: Config Repair (revealed new issue)",
    "fix_attempted": "Fixed directory existence issue but offline mode (-o) prevents Maven from downloading required plugins in clean environment",
    "result_log_summary": "[ERROR] Plugin org.apache.maven.plugins:maven-clean-plugin:3.3.1 or one of its dependencies could not be resolved: Cannot access central (https://repo.maven.apache.org/maven2) in offline mode and the artifact org.apache.maven.plugins:maven-clean-plugin:jar:3.3.1 has not been downloaded from it before. -> [Help 1]",
    "reflection": "Attempt 6 failed because offline mode (-o) prevents Maven from downloading required plugins in a clean environment. The javaparser build needs maven-clean-plugin and other Maven plugins which aren't cached locally. DO NOT use offline mode for initial builds; instead rely on repository configuration (local first) to control dependency resolution. Remove -o flag from javaparser build but keep it for mvel build where dependencies should already be in local repository."
  },
  {
    "attempt_id": 7,
    "timestamp": "2026-01-08 19:22:45",
    "strategy": "Strategy A: Config Repair (significant progress)",
    "fix_attempted": "Removed offline flag from javaparser build, allowing plugin downloads. Javaparser built successfully but mvel build fails because versions-maven-plugin not found when set_project_version_in_fuzz_targets_dependency uses offline mode",
    "result_log_summary": "[INFO] BUILD SUCCESS for javaparser-mvel (03:31 min), but [ERROR] Error resolving version for plugin 'org.codehaus.mojo:versions-maven-plugin' from the repositories [local (/out/m2), central (https://repo.maven.apache.org/maven2)]: Plugin not found in any plugin repository",
    "reflection": "Attempt 7 made significant progress: javaparser built successfully! The failure is now in set_project_version_in_fuzz_targets_dependency function which uses offline mode (-o) but versions-maven-plugin isn't in local repository. Maven plugins are cached separately from project artifacts; -Dmaven.repo.local doesn't affect plugin cache location. DO NOT use offline mode for operations that need Maven plugins; remove -o flag from set_project_version_in_fuzz_targets_dependency. The repository configuration is working (local first, then central)."
  },
  {
    "attempt_id": 1,
    "timestamp": "2026-01-08 21:25:06",
    "strategy": "Initial Build Analysis",
    "fix_attempted": "Initial build attempt - no previous fix",
    "result_log_summary": "[ERROR] Failed to execute goal on project mvel3: Could not resolve dependencies for project org.mvel:mvel3:jar:3.0.0-SNAPSHOT: The following artifacts could not be resolved: com.github.javaparser:javaparser-core:jar:3.25.5-mvel3-1, com.github.javaparser:javaparser-symbol-solver-core:jar:3.25.5-mvel3-1, org.drools:drools-compiler:jar:999-SNAPSHOT: Could not find artifact com.github.javaparser:javaparser-core:jar:3.25.5-mvel3-1 in central (https://repo.maven.apache.org/maven2)",
    "reflection": "Initial build failed due to missing custom Maven dependencies not available in central repository. The javaparser artifacts (3.25.5-mvel3-1) and drools-compiler (999-SNAPSHOT) need alternative sources. DO NOT modify build scripts yet; first check if these dependencies should be built from source or if additional Maven repositories need to be configured in the project's pom.xml."
  },
  {
    "attempt_id": 2,
    "timestamp": "2026-01-08 21:39:37",
    "strategy": "Strategy A: Config Repair",
    "fix_attempted": "Added build_javaparser_fork function to clone and build javaparser-mvel from source before building mvel",
    "result_log_summary": "n=11 -Djavac.target.version=11 -Denforcer.skip=true -DskipTests -Dmaven.repo.local=/out/m2\n[WARNING] The POM for org.drools:drools-compiler:jar:999-SNAPSHOT is missing, no dependency information available\n[INFO] ------------------------------------------------------------------------\n[INFO] BUILD FAILURE\n[ERROR] Failed to execute goal on project mvel3: Could not resolve dependencies for project org.mvel:mvel3:jar:3.0.0-SNAPSHOT: Could not find artifact org.drools:drools-compiler:jar:999-SNAPSHOT",
    "reflection": "Attempt 2 made significant progress: javaparser built successfully and set_project_version_in_fuzz_targets_dependency succeeded! The new failure is the drools-compiler dependency which is commented out in pom.xml but still being resolved. DO NOT rely on commented dependencies; either properly remove the dependency block or provide the actual dependency source. Check if drools is a transitive dependency or if the comment syntax is invalid."
  },
  {
    "attempt_id": 3,
    "timestamp": "2026-01-08 21:46:05",
    "strategy": "Strategy B: Source Code Repair",
    "fix_attempted": "Removed drools dependency block entirely from pom.xml (not just commented out) to resolve Maven dependency resolution issue",
    "result_log_summary": "INFO:__main__:Keeping existing build artifacts as-is (if any).\nERROR:__main__:Cannot use local checkout with \"WORKDIR: /src\".",
    "reflection": "Attempt 3 failed due to infrastructure error when switching to source mount mode. The fix to remove drools dependency was never tested. DO NOT switch to source build mode with this Dockerfile configuration; WORKDIR /src conflicts with local checkout mounting. Either revert to standard build mode or fix the Dockerfile to be compatible with local checkouts. The drools dependency issue remains unresolved."
  },
  {
    "attempt_id": 4,
    "timestamp": "2026-01-08 21:58:03",
    "strategy": "Strategy A: Config Repair",
    "fix_attempted": "Added patch_mvel_pom function to build.sh that uses sed to remove drools dependency lines from pom.xml after cloning",
    "result_log_summary": "org.apache.maven.plugins:maven-help-plugin:3.2.0:evaluate -Dexpression=project.version -q -DforceStdout\n+ PROJECT_VERSION='[ERROR] [ERROR] Some problems were encountered while processing the POMs:\n[ERROR] '\\''dependencies.dependency.artifactId'\\'' for null:null:jar is missing. @ line 222, column 21\n[ERROR] '\\''dependencies.dependency.groupId'\\'' for null:null:jar is missing. @ line 222, column 21\n[ERROR] '\\''dependencies.dependency.version'\\'' for null:null:jar is missing. @ line 222, column 21'",
    "reflection": "Attempt 4 made progress: javaparser built successfully and pom.xml was patched, but the patch created malformed XML. The sed commands removed drools-related lines but left behind empty <dependency> tags, causing Maven XML parsing errors. DO NOT use line-by-line deletion for XML files; this creates malformed structures. Instead, remove entire XML blocks or use proper XML parsing tools. The patch should delete the complete <dependency> element, not just its inner content."
  },
  {
    "attempt_id": 1,
    "timestamp": "2026-01-08 22:40:54",
    "strategy": "Initial Build Analysis",
    "fix_attempted": "Initial build attempt - no fixes applied yet",
    "result_log_summary": "[ERROR] Failed to execute goal on project mvel3: Could not resolve dependencies for project org.mvel:mvel3:jar:3.0.0-SNAPSHOT: The following artifacts could not be resolved: com.github.javaparser:javaparser-core:jar:3.25.5-mvel3-1, com.github.javaparser:javaparser-symbol-solver-core:jar:3.25.5-mvel3-1, org.drools:drools-compiler:jar:999-SNAPSHOT: Could not find artifact com.github.javaparser:javaparser-core:jar:3.25.5-mvel3-1 in central (https://repo.maven.apache.org/maven2)",
    "reflection": "Initial build failed due to Maven dependency resolution errors for custom javaparser artifacts (3.25.5-mvel3-1) and drools-compiler snapshot (999-SNAPSHOT). These artifacts are not available in central Maven repository. DO NOT attempt to download missing dependencies from central; instead check if these are internal dependencies that need to be built locally or if repository configuration needs adjustment."
  },
  {
    "attempt_id": 5,
    "timestamp": "2026-01-08 22:57:22",
    "strategy": "Strategy A: Config Repair",
    "fix_attempted": "Modified Dockerfile to build javaparser fork locally, added JBoss repository and drools dependency to pom.xml, configured Maven to use local repository",
    "result_log_summary": "el3:jar:3.0.0-SNAPSHOT: The following artifacts could not be resolved: com.github.javaparser:javaparser-core:jar:3.25.5-mvel3-1, com.github.javaparser:javaparser-symbol-solver-core:jar:3.25.5-mvel3-1, org.drools:drools-compiler:jar:999-SNAPSHOT: Failure to find com.github.javaparser:javaparser-core:jar:3.25.5-mvel3-1 in https://repo.maven.apache.org/maven2 was cached in the local repository, resolution will not be reattempted until the update interval of central has elapsed or updates are forced",
    "reflection": "Attempt 5 failed because javaparser artifacts built in Dockerfile were installed to default .m2 repository, but the mvel build uses -Dmaven.repo.local=/out/m2. The artifacts are in the wrong location. DO NOT build dependencies with different repository locations; ensure mvn install uses the same maven.repo.local parameter as the main build, or copy artifacts between repositories."
  },
  {
    "attempt_id": 6,
    "timestamp": "2026-01-08 23:13:32",
    "strategy": "Strategy A: Config Repair",
    "fix_attempted": "Fixed repository location mismatch by building javaparser with -Dmaven.repo.local=/out/m2, removed drools dependency, fixed duplicate maven.repo.local parameters",
    "result_log_summary": "[ERROR] Failed to execute goal org.codehaus.mojo:versions-maven-plugin:2.20.1:use-dep-version (default-cli) on project fuzz-targets: Execution default-cli of goal org.codehaus.mojo:versions-maven-plugin:2.20.1:use-dep-version failed: A required class was missing while executing org.codehaus.mojo:versions-maven-plugin:2.20.1:use-dep-version: org/apache/commons/lang3/tuple/ImmutablePair",
    "reflection": "Attempt 6 made significant progress: javaparser dependency issue appears resolved (no missing artifact errors), but introduced a new regression with versions-maven-plugin failing due to missing ImmutablePair class from commons-lang3. DO NOT assume fixing core dependencies won't break plugin dependencies; when using custom repository locations, ensure Maven plugins and their transitive dependencies are fully cached. The plugin needs commons-lang3 with ImmutablePair class which might require re-downloading dependencies or using a different commons-lang3 version."
  },
  {
    "attempt_id": 7,
    "timestamp": "2026-01-08 23:22:30",
    "strategy": "Strategy A: Config Repair",
    "fix_attempted": "Hardcoded version in fuzz-targets pom.xml, simplified version update function to avoid versions-maven-plugin, added -U flag to force dependency updates",
    "result_log_summary": "[ERROR] Failed to execute goal on project mvel3: Could not resolve dependencies for project org.mvel:mvel3:jar:3.0.0-SNAPSHOT: The following artifacts could not be resolved: com.github.javaparser:javaparser-core:jar:3.25.5-mvel3-1, com.github.javaparser:javaparser-symbol-solver-core:jar:3.25.5-mvel3-1, org.drools:drools-compiler:jar:999-SNAPSHOT: Could not find artifact com.github.javaparser:javaparser-core:jar:3.25.5-mvel3-1 in central (https://repo.maven.apache.org/maven2)",
    "reflection": "Attempt 7 regressed: added -U flag caused Maven to ignore locally built javaparser artifacts and try to download from central repository, which fails. DO NOT use -U (update snapshots) flag when building with custom local artifacts; it forces remote repository checks that will fail for artifacts not in central. The local repository configuration was working in Attempt 6; removing -U should restore that functionality while keeping the other improvements (hardcoded version, no-op version update)."
  },
  {
    "attempt_id": 1,
    "timestamp": "2026-01-09 10:38:29",
    "strategy": "Initial Build Analysis",
    "fix_attempted": "Initial build attempt with local source checkout",
    "result_log_summary": "ERROR:__main__:Cannot use local checkout with \"WORKDIR: /src\".",
    "reflection": "Initial build failed because the oss-fuzz build system cannot mount local source when Dockerfile has WORKDIR: /src. The Dockerfile clones the project from GitHub, but our setup tries to use local checkout. DO NOT attempt to use local source mounting with Dockerfiles that have WORKDIR: /src; instead build without local checkout or modify the Dockerfile to handle local development mode."
  },
  {
    "attempt_id": 2,
    "timestamp": "2026-01-09 10:45:45",
    "strategy": "Strategy A: Config Repair",
    "fix_attempted": "Changed Dockerfile WORKDIR from $SRC/ to /work and updated build.sh to use absolute paths to resolve local checkout conflict",
    "result_log_summary": "[ERROR] Failed to execute goal on project mvel3: Could not resolve dependencies for project org.mvel:mvel3:jar:3.0.0-SNAPSHOT: The following artifacts could not be resolved: com.github.javaparser:javaparser-core:jar:3.25.5-mvel3-1, com.github.javaparser:javaparser-symbol-solver-core:jar:3.25.5-mvel3-1, org.drools:drools-compiler:jar:999-SNAPSHOT: Could not find artifact com.github.javaparser:javaparser-core:jar:3.25.5-mvel3-1 in central (https://repo.maven.apache.org/maven2)",
    "reflection": "Attempt 2 succeeded in fixing the Docker WORKDIR conflict, allowing the build to progress to Maven compilation. However, it revealed missing custom dependencies (javaparser-core:3.25.5-mvel3-1 and drools-compiler:999-SNAPSHOT) not in central repository. DO NOT assume infrastructure fixes solve all problems; the project requires custom artifacts that need local building or alternative repository configuration. Next focus should be on resolving these Maven dependencies."
  },
  {
    "attempt_id": 3,
    "timestamp": "2026-01-09 11:00:29",
    "strategy": "Strategy A: Config Repair",
    "fix_attempted": "Fix artifactId mismatch (mvel2â†’mvel3), clone and build javaparser-mvel locally, use consistent local repository. Patch failed to apply due to mismatched original content.",
    "result_log_summary": "...\n[ERROR] Failed to execute goal on project mvel3: Could not resolve dependencies for project org.mvel:mvel3:jar:3.0.0-SNAPSHOT: The following artifacts could not be resolved: com.github.javaparser:javaparser-core:jar:3.25.5-mvel3-1, com.github.javaparser:javaparser-symbol-solver-core:jar:3.25.5-mvel3-1, org.drools:drools-compiler:jar:999-SNAPSHOT: Failure to find com.github.javaparser:javaparser-core:jar:3.25.5-mvel3-1 in https://repo.maven.apache.org/maven2 was cached in the local repository",
    "reflection": "Attempt 3 failed because patch application failed - the critical javaparser build code wasn't added. The artifactId fix was partially applied (showing mvel3 in logs) but without building javaparser locally, dependencies remain unresolved. DO NOT rely on partial fixes when patch application fails; check current file state and use precise original blocks. The core issue remains: custom javaparser fork must be built locally before mvel compilation."
  },
  {
    "attempt_id": 4,
    "timestamp": "2026-01-09 11:12:17",
    "strategy": "Strategy A: Config Repair",
    "fix_attempted": "Clone and build javaparser-mvel fork locally before mvel compilation. Successfully resolved javaparser dependencies but drools-compiler:999-SNAPSHOT remains missing.",
    "result_log_summary": "Building javaparser-mvel...\n[INFO] BUILD SUCCESS (for javaparser build)\n[INFO] Updated org.mvel:mvel3:jar:Fuzzing-SNAPSHOT to version 3.0.0-SNAPSHOT\n[INFO] BUILD SUCCESS (for version update)\n[WARNING] The POM for org.drools:drools-compiler:jar:999-SNAPSHOT is missing\n[ERROR] Failed to execute goal on project mvel3: Could not resolve dependencies for project org.mvel:mvel3:jar:3.0.0-SNAPSHOT: Could not find artifact org.drools:drools-compiler:jar:999-SNAPSHOT",
    "reflection": "Attempt 4 made significant progress: successfully built javaparser-mvel locally, resolving javaparser dependencies. However, drools-compiler:999-SNAPSHOT remains unresolved. DO NOT assume all custom dependencies follow the same pattern; drools version 999-SNAPSHOT appears to be a placeholder not in any repository. Next focus should be on configuring JBoss repository (from mvel's distributionManagement) or determining if drools is actually required for fuzzing build (might be optional/test dependency)."
  },
  {
    "attempt_id": 1,
    "timestamp": "2026-01-09 11:58:08",
    "strategy": "Initial Build Analysis",
    "fix_attempted": "Initial build attempt - no previous fix applied",
    "result_log_summary": "[ERROR] Failed to execute goal on project mvel3: Could not resolve dependencies for project org.mvel:mvel3:jar:3.0.0-SNAPSHOT: The following artifacts could not be resolved: com.github.javaparser:javaparser-core:jar:3.25.5-mvel3-1, com.github.javaparser:javaparser-symbol-solver-core:jar:3.25.5-mvel3-1, org.drools:drools-compiler:jar:999-SNAPSHOT: Could not find artifact com.github.javaparser:javaparser-core:jar:3.25.5-mvel3-1 in central (https://repo.maven.apache.org/maven2)",
    "reflection": "Initial build failed due to missing custom Maven dependencies (javaparser-core:3.25.5-mvel3-1, javaparser-symbol-solver-core:3.25.5-mvel3-1, drools-compiler:999-SNAPSHOT). These are not in Maven Central. DO NOT attempt to download standard versions; focus on building these dependencies locally or adding alternative repositories to the Maven configuration."
  },
  {
    "attempt_id": 8,
    "timestamp": "2026-01-09 12:10:22",
    "strategy": "Strategy A: Config Repair",
    "fix_attempted": "Fixed artifactId mismatches, added javaparser-mvel build in Dockerfile, added JBoss repository, added -U flag, updated maven-enforcer-plugin",
    "result_log_summary": "-3.25.5-mvel3-1.pom\\n[ERROR] Failed to execute goal on project mvel3: Could not resolve dependencies for project org.mvel:mvel3:jar:3.0.0-SNAPSHOT: The following artifacts could not be resolved: com.github.javaparser:javaparser-core:jar:3.25.5-mvel3-1, com.github.javaparser:javaparser-symbol-solver-core:jar:3.25.5-mvel3-1, org.drools:drools-compiler:jar:999-SNAPSHOT: Could not find artifact com.github.javaparser:javaparser-core:jar:3.25.5-mvel3-1 in central (https://repo.maven.apache.org/maven2)",
    "reflection": "Attempt 8 made progress (version update succeeded) but failed due to repository path mismatch. Javaparser was built with -Dmaven.repo.local=$SRC/out/m2 but mvel looks in /out/m2. Also, -U flag forces remote checks that fail for custom artifacts. DO NOT use different repository paths; ensure all Maven commands use consistent -Dmaven.repo.local values. Remove -U flag when building with local custom artifacts to prevent remote repository checks."
  },
  {
    "attempt_id": 9,
    "timestamp": "2026-01-09 12:21:11",
    "strategy": "Strategy A: Config Repair (partial application)",
    "fix_attempted": "Fixed repository path mismatch (Dockerfile), removed -U flag, enhanced JBoss repository config, made drools optional, but patch application had partial_success",
    "result_log_summary": "el3:jar:3.0.0-SNAPSHOT: The following artifacts could not be resolved: com.github.javaparser:javaparser-core:jar:3.25.5-mvel3-1, com.github.javaparser:javaparser-symbol-solver-core:jar:3.25.5-mvel3-1, org.drools:drools-compiler:jar:999-SNAPSHOT: Failure to find com.github.javaparser:javaparser-core:jar:3.25.5-mvel3-1 in https://repo.maven.apache.org/maven2 was cached in the local repository, resolution will not be reattempted until the update interval of central has elapsed or updates are forced",
    "reflection": "Attempt 9 failed due to Maven's cached dependency resolution failure. Javaparser artifacts were built to /out/m2 but Maven won't re-check because previous failures are cached. Removing -U flag prevented forced updates, but now cached failures block resolution. DO NOT just remove -U when dealing with cached failures; either clear the cache (delete /out/m2 directory) or add -U flag back temporarily to force re-resolution after artifacts are in place."
  },
  {
    "attempt_id": 10,
    "timestamp": "2026-01-09 12:34:07",
    "strategy": "Strategy A: Config Repair (partial patch application)",
    "fix_attempted": "Added mkdir to Dockerfile, cache clearing and -U flag to build.sh, enhanced repository config, made drools optional, but patch application had partial_success (only Dockerfile changes applied)",
    "result_log_summary": "tal time:  17.620 s\\n[ERROR] Failed to execute goal on project mvel3: Could not resolve dependencies for project org.mvel:mvel3:jar:3.0.0-SNAPSHOT: The following artifacts could not be resolved: com.github.javaparser:javaparser-core:jar:3.25.5-mvel3-1, com.github.javaparser:javaparser-symbol-solver-core:jar:3.25.5-mvel3-1, org.drools:drools-compiler:jar:999-SNAPSHOT: Could not find artifact com.github.javaparser:javaparser-core:jar:3.25.5-mvel3-1 in central (https://repo.maven.apache.org/maven2)",
    "reflection": "Attempt 10 failed because patch application had partial_success - only Dockerfile changes (mkdir) were applied, but critical build.sh fixes (cache clearing, -U flag) and pom.xml fixes were not applied. DO NOT assume all patches succeed when getting partial_success; verify which changes actually made it into the files. The hybrid state (Dockerfile updated but build.sh not) creates inconsistent behavior. Next attempt should use shorter, more precise ORIGINAL blocks or apply critical fixes manually."
  },
  {
    "attempt_id": 11,
    "timestamp": "2026-01-09 12:46:08",
    "strategy": "Strategy A: Config Repair (significant progress)",
    "fix_attempted": "Moved javaparser build to runtime in build.sh, fixed Dockerfile to only clone, enhanced repository config, but patch application had partial_success",
    "result_log_summary": "Building javaparser-mvel locally...\\n[INFO] Scanning for projects...\\n... (javaparser build output) ...\\n[INFO] BUILD FAILURE\\n[INFO] Total time:  4.837 s\\n[ERROR] Failed to execute goal on project mvel3: Could not resolve dependencies for project org.mvel:mvel3:jar:3.0.0-SNAPSHOT: Could not find artifact org.drools:drools-compiler:jar:999-SNAPSHOT",
    "reflection": "Attempt 11 made SIGNIFICANT progress: javaparser dependency issue is SOLVED! Build now fails only on drools-compiler:999-SNAPSHOT. However, version update step (set_project_version_in_fuzz_targets_dependency) is not appearing in logs, suggesting build fails before reaching it. DO NOT assume all fixes are applied; patch application had partial_success. The drools dependency is commented out but Maven still tries to resolve it - need to properly remove or exclude it. Focus on completely removing drools dependency and ensuring version update function executes."
  },
  {
    "attempt_id": 12,
    "timestamp": "2026-01-09 12:55:52",
    "strategy": "Strategy A: Config Repair (patch application failure)",
    "fix_attempted": "Added drools removal function, exclusion flags, improved error handling, but patch application had partial_success - critical fixes not applied",
    "result_log_summary": "Building javaparser-mvel locally...\\n[INFO] Scanning for projects...\\n... (javaparser build succeeds) ...\\n[INFO] BUILD FAILURE\\n[INFO] Total time:  19.200 s\\n[ERROR] Failed to execute goal on project mvel3: Could not resolve dependencies for project org.mvel:mvel3:jar:3.0.0-SNAPSHOT: Could not find artifact org.drools:drools-compiler:jar:999-SNAPSHOT",
    "reflection": "Attempt 12 failed due to persistent patch application issues. Critical fixes (drools removal, version update function) were not applied despite patch attempts. The build.sh is in a hybrid state where some fixes work (javaparser build) but others don't. DO NOT continue with complex patch files; need a new approach: either use extremely short/precise ORIGINAL blocks, apply fixes manually with simple commands, or create a completely new build.sh. The core issue remains patch tool matching failures."
  },
  {
    "attempt_id": 1,
    "timestamp": "2026-01-09 23:29:33",
    "strategy": "Initial Build Analysis",
    "fix_attempted": "Initial build attempt failed due to missing generate_seed_corpus.py file",
    "result_log_summary": "python: can't open file '/src/pffft/generate_seed_corpus.py': [Errno 2] No such file or directory\\nERROR:__main__:Building fuzzers failed.",
    "reflection": "The initial build failed because the generate_seed_corpus.py file is missing at runtime. The Dockerfile copies it to /src/pffft, but the container run command mounts a volume at /src/pffft which overwrites the directory. DO NOT assume files copied during Docker build will persist after volume mounts; check for mount path conflicts between Dockerfile COPY commands and container runtime volume mounts."
  },
  {
    "attempt_id": 1,
    "timestamp": "2026-01-10 16:53:09",
    "strategy": "Baseline Build Analysis",
    "fix_attempted": "Initial baseline build to reproduce the original error",
    "result_log_summary": ": unused variable 'x' [-Werror,-Wunused-variable]\n 2707 |     mp_int *x, *y, *z;\n      |             ^\nwolfcrypt/src/ecc.c:2707:17: error: unused variable 'y' [-Werror,-Wunused-variable]\n 2707 |     mp_int *x, *y, *z;\n      |                 ^\nwolfcrypt/src/ecc.c:2707:21: error: unused variable 'z' [-Werror,-Wunused-variable]\n 2707 |     mp_int *x, *y, *z;\n      |                     ^\n3 warnings and 3 errors generated.\nmake[2]: *** [Makefile:8339: wolfcrypt/src/src_libwolfssl_la-ecc.lo] Error 1",
    "reflection": "Baseline build revealed the hidden compilation error: unused variables 'x', 'y', 'z' in wolfcrypt/src/ecc.c line 2707. The original log only showed generic build failure. DO NOT focus on build configuration; the root cause is in the wolfssl source code itself. The fix must address these unused variables in the ecc.c file."
  },
  {
    "attempt_id": 2,
    "timestamp": "2026-01-10 17:12:58",
    "strategy": "Conditional Compilation Fix",
    "fix_attempted": "Move variable declarations inside #if !defined(WOLFSSL_SP_MATH) blocks to avoid unused variable errors when building with SP math",
    "result_log_summary": "wolfcrypt/src/ecc.c:2362:11: error: unused variable 'err' [-Werror,-Wunused-variable]\n 2362 |    int    err;\n      |           ^~~\n3 warnings and 1 error generated.\nmake[2]: *** [Makefile:8339: wolfcrypt/src/src_libwolfssl_la-ecc.lo] Error 1",
    "reflection": "Attempt 2 failed because the fix incorrectly moved 'err' variable inside conditional blocks. The 'err' variable is used in BOTH SP math and non-SP math code paths, so it must remain at function scope. DO NOT move variables that are used in both conditional branches; only move variables like 'x', 'y', 'z' that are only used in the non-SP math path. The patch application also failed due to matching issues, requiring more precise ORIGINAL blocks."
  },
  {
    "attempt_id": 1,
    "timestamp": "2026-01-10 20:09:00",
    "strategy": "Initial Build Analysis",
    "fix_attempted": "Initial build attempt - no fix applied yet",
    "result_log_summary": ": unused variable 'x' [-Werror,-Wunused-variable]\n 2707 |     mp_int *x, *y, *z;\n      |             ^\nwolfcrypt/src/ecc.c:2707:17: error: unused variable 'y' [-Werror,-Wunused-variable]\n 2707 |     mp_int *x, *y, *z;\n      |                 ^\nwolfcrypt/src/ecc.c:2707:21: error: unused variable 'z' [-Werror,-Wunused-variable]\n 2707 |     mp_int *x, *y, *z;\n      |                     ^\n3 warnings and 3 errors generated.\nmake[2]: *** [Makefile:8339: wolfcrypt/src/src_libwolfssl_la-ecc.lo] Error 1",
    "reflection": "Initial build failed due to unused variables x, y, z in wolfcrypt/src/ecc.c line 2707. The build uses -Werror flag which treats warnings as errors. DO NOT try to disable warnings globally; instead fix the source code by either removing the unused variables or marking them with (void) casts to suppress the warning."
  },
  {
    "attempt_id": 1,
    "timestamp": "2026-01-13 20:55:43",
    "strategy": "Initial Build Attempt",
    "fix_attempted": "No fix applied yet - initial reproduction attempt",
    "result_log_summary": "ar: /src/dist/Debug/lib/libgcm-aes-x86_c_lib.a: No such file or directory\\nmake: *** [Makefile:10: module.a] Error 9\\nERROR:__main__:Building fuzzers failed.",
    "reflection": "Initial reproduction attempt failed with the same error as original: missing libgcm-aes-x86_c_lib.a file. The build succeeds through compilation but fails during archiving when trying to extract non-existent architecture-specific library. DO NOT focus on compilation warnings; investigate why this specific x86 library isn't being built or modify the Makefile to handle conditional library existence."
  },
  {
    "attempt_id": 1,
    "timestamp": "2026-01-13 22:28:54",
    "strategy": "Environment Setup Only",
    "fix_attempted": "Initial environment setup with correct base image digest and project configuration",
    "result_log_summary": "+ sed -i s/--disable-tests//g automation/ossfuzz/build.sh\nsed: can't read automation/ossfuzz/build.sh: No such file or directory\nERROR:__main__:Building fuzzers failed.",
    "reflection": "Attempt 1 failed because the build script expects to modify automation/ossfuzz/build.sh but this file doesn't exist in the current directory structure. The sed command is being executed from the wrong working directory or the expected file path is incorrect. DO NOT proceed with build modifications; first verify the working directory and check if the required build.sh file exists in the expected location."
  },
  {
    "attempt_id": 2,
    "timestamp": "2026-01-13 22:34:33",
    "strategy": "Strategy A: Config Repair",
    "fix_attempted": "Modified build.sh to add verification check for NSS source structure before attempting sed modification. Added clear error message when automation/ossfuzz/build.sh is not found.",
    "result_log_summary": "mozilla.org/projects/nss\n+ echo ''\n+ echo 'If you are mounting a local directory, ensure it contains the correct'\nIf you are mounting a local directory, ensure it contains the correct\n+ echo 'NSS source code from the Mercurial repository above.'\nNSS source code from the Mercurial repository above.\n+ echo ========================================================================\n========================================================================\n+ exit 1\nERROR:__main__:Building fuzzers failed.",
    "reflection": "Attempt 2 succeeded in fixing the cryptic error message but didn't solve the root cause. The verification check correctly identifies that we have the wrong NSS source (NSSM instead of NSS) in the mounted directory. The Dockerfile clones correct NSS from Mercurial, but mounting /root/fix_build_agent/process/project/nss overwrites it with incorrect files. DO NOT add more verification logic; instead fix the source mounting issue by either not mounting the incorrect directory or ensuring the mounted directory contains the correct NSS source from the Mercurial repository."
  },
  {
    "attempt_id": 3,
    "timestamp": "2026-01-13 23:20:23",
    "strategy": "Strategy A: Config Repair",
    "fix_attempted": "Modified Dockerfile to clone NSS to 'nss-original' instead of 'nss' to avoid mount overwrite. Modified build.sh to check for NSS source in current directory and copy from /src/nss-original if missing. This fixed the source mounting issue.",
    "result_log_summary": "ar x /src/dist/Debug/lib/libhw-acc-crypto-avx.a && \\\nar x /src/dist/Debug/lib/libhw-acc-crypto-avx2.a && \\\nar x /src/dist/Debug/lib/libgcm-aes-x86_c_lib.a && \\\nar x /src/dist/Debug/lib/libintel-gcm-wrap_c_lib.a && \\\nif [ -f \"/src/dist/Debug/lib/libintel-gcm-s_lib.a\" ]; then \\\n\tar x /src/dist/Debug/lib/libintel-gcm-s_lib.a; \\\nfi\nar: /src/dist/Debug/lib/libgcm-aes-x86_c_lib.a: No such file or directory\nmake: *** [Makefile:10: module.a] Error 9\nERROR:__main__:Building fuzzers failed.",
    "reflection": "Attempt 3 succeeded! The fix resolved the source mounting issue and allowed reproduction of the original error. The Dockerfile now clones NSS to 'nss-original' (avoiding mount overwrite) and build.sh copies it when needed. The build progressed through compilation and failed at the exact same point: missing libgcm-aes-x86_c_lib.a during archiving. DO NOT modify the source mounting fix; it's working correctly. Now focus on why this x86-specific library isn't being built - investigate build configuration or conditional library generation."
  },
  {
    "attempt_id": 4,
    "timestamp": "2026-01-13 23:40:15",
    "strategy": "Strategy B: Source Code Repair (attempted)",
    "fix_attempted": "Attempted to modify cryptofuzz module's Makefile to add conditional checks for libgcm-aes-x86_c_lib.a (similar to existing check for libintel-gcm-s_lib.a) to handle missing library gracefully.",
    "result_log_summary": "+ export CRYPTOFUZZ_VERSION=3d2377257129fc5da6effb92b0736e31db147dee\n+ CRYPTOFUZZ_VERSION=3d2377257129fc5da6effb92b0736e31db147dee\n+ export BOTAN_VERSION=3.10.0\n+ BOTAN_VERSION=3.10.0\n+ git clone -q https://github.com/MozillaSecurity/cryptofuzz.git\nfatal: destination path 'cryptofuzz' already exists and is not an empty directory.\nERROR:__main__:Building fuzzers failed.",
    "reflection": "Attempt 4 failed with a different error: git clone of cryptofuzz repository fails because directory already exists. The Makefile patch wasn't applied (patch application failed). However, the build progressed further than before - it successfully built NSPR and started NSS build. The cryptofuzz clone error is likely a transient issue with build caching/leftover state. DO NOT focus on the cryptofuzz clone error; this is a build environment issue. The real issue (missing libgcm-aes-x86_c_lib.a) still needs fixing, but first ensure the Makefile patch is applied correctly with proper ORIGINAL block matching."
  },
  {
    "attempt_id": 5,
    "timestamp": "2026-01-13 23:58:43",
    "strategy": "Strategy A: Config Repair",
    "fix_attempted": "Modified build.sh to remove existing cryptofuzz directory before build to avoid git clone conflicts. Also added conditional check for libgcm-aes-x86_c_lib.a in Makefile poc target for consistency.",
    "result_log_summary": "nt to create a new branch to retain commits you create, you may\ndo so (now or later) by using -c with the switch command. Example:\n\n  git switch -c <new-branch-name>\n\nOr undo this operation with:\n\n  git switch -\n\nTurn off this advice by setting config variable advice.detachedHead to false\n\nHEAD is now at 3d23772 NSS: Fix build\n+ git clone -q https://github.com/randombit/botan.git\nfatal: destination path 'botan' already exists and is not an empty directory.\nERROR:__main__:Building fuzzers failed.",
    "reflection": "Attempt 5 partially succeeded: the cryptofuzz fix worked (directory removed, clone succeeded), but revealed a similar issue with botan directory. The mounted NSSM project contains directories (cryptofuzz, botan) that conflict with NSS fuzzing build's git clone operations. DO NOT fix each directory individually; implement a general solution to clean up all conflicting directories before build or modify build to handle existing directories. The pattern suggests there may be more such directories - need a comprehensive fix."
  },
  {
    "attempt_id": 6,
    "timestamp": "2026-01-14 00:22:46",
    "strategy": "Strategy A: Config Repair (attempted)",
    "fix_attempted": "Attempted to modify build.sh to remove both cryptofuzz and botan directories before build to handle directory conflicts. Used array-based approach for cleaner code and easier addition of more directories.",
    "result_log_summary": "'\nWARNING: cryptofuzz directory already exists, removing it to avoid conflicts\n+ echo =========================================================================\n=========================================================================\n+ rm -rf cryptofuzz\n+ [[ -f automation/ossfuzz/build.sh ]]\n+ ./automation/ossfuzz/build.sh\n...\n+ git clone -q https://github.com/randombit/botan.git\nfatal: destination path 'botan' already exists and is not an empty directory.\nERROR:__main__:Building fuzzers failed.",
    "reflection": "Attempt 6 failed because the patch wasn't applied (ORIGINAL block mismatch). The build.sh still only removes cryptofuzz directory, not botan. The cryptofuzz removal works, clone succeeds, but botan clone fails. DO NOT create patches with rigid ORIGINAL blocks; instead read current file content and create exact match, or implement more robust solution. Need to manually fix build.sh to include botan cleanup."
  },
  {
    "attempt_id": 1,
    "timestamp": "2026-01-14 00:47:13",
    "strategy": "Initial Build Attempt",
    "fix_attempted": "Initial build attempt after environment setup",
    "result_log_summary": "error: RPC failed; curl 56 GnuTLS recv error (-9): Error decoding the received TLS packet.\nfatal: the remote end hung up unexpectedly\nfatal: early EOF\nfatal: index-pack failed\nERROR:__main__:Building fuzzers failed.",
    "reflection": "Attempt 1 failed with a network/TLS error when cloning botan repository, which is a different error than the original missing library file. This indicates the build progressed further but hit a transient network issue. DO NOT modify build scripts for this error; instead, implement network retry logic or use a local mirror for the botan repository to avoid GitHub connectivity issues."
  },
  {
    "attempt_id": 2,
    "timestamp": "2026-01-14 01:04:23",
    "strategy": "Network Retry Logic Implementation",
    "fix_attempted": "Added retry logic function clone_with_retry() to build_cryptofuzz.sh and cleanup logic to build.sh to handle network failures and existing directories",
    "result_log_summary": "fatal: unable to access 'https://github.com/randombit/botan.git/': gnutls_handshake() failed: The TLS connection was non-properly terminated.\nERROR:__main__:Building fuzzers failed.",
    "reflection": "Attempt 2 failed because Docker cache prevented the updated build_cryptofuzz.sh script from being used. The retry logic was added to the source file but the Docker build used cached layers. DO NOT assume file modifications will be picked up by Docker builds; always check if Docker cache needs to be invalidated or force a rebuild from scratch when modifying build scripts."
  },
  {
    "attempt_id": 3,
    "timestamp": "2026-01-14 01:21:01",
    "strategy": "Docker Cache Busting + Runtime Patching",
    "fix_attempted": "Added ARG CACHE_BUST to Dockerfile and enhanced build.sh with robust patching logic to replace git clone commands with retry function at runtime",
    "result_log_summary": "urial/mercurial-common_5.3.1-1ubuntu1_all.deb  Connection failed [IP: 198.18.0.61 80]\n491.3 E: Unable to fetch some archives, maybe run apt-get update or try with --fix-missing?\n491.3 Fetched 14.9 MB in 7min 38s (32.6 kB/s)\nERROR: failed to build: failed to solve: process \"/bin/sh -c apt-get update &&     apt-get install -y make mercurial zlib1g-dev gyp ninja-build libssl-dev python libboost-dev libsqlite3-dev\" did not complete successfully: exit code: 100\nERROR:common_utils:Docker build failed.",
    "reflection": "Attempt 3 failed with a completely different error: network connectivity issue when Docker tries to install mercurial-common package from Ubuntu repository. This is unrelated to our NSS build fixes and appears to be a transient infrastructure problem. DO NOT modify build scripts for this Ubuntu package repository network error; this is an external dependency issue that should resolve itself or requires network configuration fixes outside our control."
  },
  {
    "attempt_id": 4,
    "timestamp": "2026-01-14 02:18:44",
    "strategy": "Docker apt-get Retry Logic",
    "fix_attempted": "Added retry loop with 3 attempts for apt-get install in Dockerfile to handle Ubuntu package repository network failures",
    "result_log_summary": "ar: /src/dist/Debug/lib/libgcm-aes-x86_c_lib.a: No such file or directory\nmake: *** [Makefile:10: module.a] Error 9\nERROR:__main__:Building fuzzers failed.",
    "reflection": "Attempt 4 succeeded in fixing the Ubuntu package network issue (apt-get retry logic worked) but revealed the original build error: missing libgcm-aes-x86_c_lib.a library file. This is the same error as the original build failure. Our network fixes were successful, but now we need to address the actual NSS build issue. DO NOT add more network retry logic; focus on why the NSS build isn't creating the required x86-specific GCM AES library file."
  },
  {
    "attempt_id": 1,
    "timestamp": "2026-01-14 03:24:08",
    "strategy": "Strategy A: Config Repair",
    "fix_attempted": "Added compiler flags to suppress deprecated literal operator warnings and enable C++17 removed unary binary function",
    "result_log_summary": "ar: /src/dist/Debug/lib/libgcm-aes-x86_c_lib.a: No such file or directory\\nmake: *** [Makefile:10: module.a] Error 9\\nERROR:__main__:Building fuzzers failed.",
    "reflection": "Attempt 1 failed because adding warning suppression flags didn't address the missing library file error. The actual issue is that libgcm-aes-x86_c_lib.a is not being generated during the NSS build. DO NOT focus on compiler warnings; investigate why the NSS build isn't producing this specific architecture-dependent library file for x86_64."
  },
  {
    "attempt_id": 2,
    "timestamp": "2026-01-14 03:58:18",
    "strategy": "Strategy B: Source Code Repair",
    "fix_attempted": "Attempted to add conditional checks for libgcm-aes-x86_c_lib.a in the Makefile and build_cryptofuzz.sh script, but patch application failed due to content mismatch",
    "result_log_summary": "ar: /src/dist/Debug/lib/libgcm-aes-x86_c_lib.a: No such file or directory\\nmake: *** [Makefile:10: module.a] Error 9\\nERROR:__main__:Building fuzzers failed.",
    "reflection": "Attempt 2 failed because the patch application tool couldn't find exact matches for the ORIGINAL content blocks. The fix plan was conceptually correct (adding conditional checks for missing x86-specific libraries) but was never applied. DO NOT rely on exact string matching for patch application; instead, use more flexible approaches like sed commands or check if the file needs to be modified differently. Also, verify that patch application succeeded before running the build."
  },
  {
    "attempt_id": 3,
    "timestamp": "2026-01-14 04:34:25",
    "strategy": "Strategy B: Source Code Repair",
    "fix_attempted": "Successfully applied patches to add conditional checks for libgcm-aes-x86_c_lib.a in Makefile and build_cryptofuzz.sh, but Docker caching prevented changes from taking effect",
    "result_log_summary": "ar: /src/dist/Debug/lib/libgcm-aes-x86_c_lib.a: No such file or directory\\nmake: *** [Makefile:10: module.a] Error 9\\nERROR:__main__:Building fuzzers failed.",
    "reflection": "Attempt 3 failed because Docker caching prevented our source code modifications from taking effect. The patches were successfully applied to the local files, but the Docker build used cached layers that didn't include our changes. DO NOT assume that modifying source files will automatically invalidate Docker cache; we need to either force a rebuild, modify the Dockerfile to ensure cache invalidation, or verify that the modified files are properly mounted into the container at build time."
  },
  {
    "attempt_id": 1,
    "timestamp": "2026-01-14 18:48:22",
    "strategy": "Strategy A: Config Repair",
    "deterioration_score": 8,
    "reflection": "The build has regressed from a compilation/linker error (missing libgcm-aes-x86_c_lib.a) to a basic file access error (automation/ossfuzz/build.sh not found). This indicates the build infrastructure is broken at a more fundamental level. The error moved from a later stage (compilation) to an earlier stage (script execution), which is a regression. The issue appears to be that the NSS source directory structure doesn't match expectations - either the source wasn't properly cloned or the working directory is incorrect.",
    "should_rollback": true
  }
]